[22-05-29 16:42:36]: INFO: Log File name: /u01/profiler/asktom/LOGS_ASKTOM/run_axiomus_conn_1_execution_plan_autotrace_290522164236.log
[22-05-29 16:42:36]: INFO: Starting the script
[22-05-29 16:42:36]: INFO: Script Directory: /u01/profiler
[22-05-29 16:42:36]: INFO: Query Directory: /u01/profiler/asktom
[22-05-29 16:42:36]: INFO: Spinning Connection with axiomus@ORCLPDB1
[22-05-29 16:42:36]: ----------------------------------------------------
[22-05-29 16:42:36]:  DATABASE QUERY STARTS 
[22-05-29 16:42:36]: 
---------------------------------------------------
--	    Autotrace				 --
---------------------------------------------------
SP2-0618: Cannot find the Session Identifier.  Check PLUSTRACE role is enabled
SP2-0611: Error enabling STATISTICS report

D
-
X


Execution Plan
----------------------------------------------------------
Plan hash value: 272002086

--------------------------------------------------------------------------
| Id  | Operation	  | Name | Rows  | Bytes | Cost (%CPU)| Time	 |
--------------------------------------------------------------------------
|   0 | SELECT STATEMENT  |	 |     1 |     2 |     2   (0)| 00:00:01 |
|   1 |  TABLE ACCESS FULL| DUAL |     1 |     2 |     2   (0)| 00:00:01 |
--------------------------------------------------------------------------

